{"meta": {"format": 3, "version": "7.6.0", "timestamp": "2024-07-30T12:10:00.716063", "branch_coverage": false, "show_contexts": false}, "files": {"raxpy\\__init__.py": {"executed_lines": [1, 5, 6, 7, 8, 9, 10], "summary": {"covered_lines": 6, "num_statements": 6, "percent_covered": 100.0, "percent_covered_display": "100", "missing_lines": 0, "excluded_lines": 0}, "missing_lines": [], "excluded_lines": [], "functions": {"": {"executed_lines": [1, 5, 6, 7, 8, 9, 10], "summary": {"covered_lines": 6, "num_statements": 6, "percent_covered": 100.0, "percent_covered_display": "100", "missing_lines": 0, "excluded_lines": 0}, "missing_lines": [], "excluded_lines": []}}, "classes": {"": {"executed_lines": [1, 5, 6, 7, 8, 9, 10], "summary": {"covered_lines": 6, "num_statements": 6, "percent_covered": 100.0, "percent_covered_display": "100", "missing_lines": 0, "excluded_lines": 0}, "missing_lines": [], "excluded_lines": []}}}, "raxpy\\adapters\\__init__.py": {"executed_lines": [], "summary": {"covered_lines": 0, "num_statements": 0, "percent_covered": 100.0, "percent_covered_display": "100", "missing_lines": 0, "excluded_lines": 0}, "missing_lines": [], "excluded_lines": [], "functions": {"": {"executed_lines": [], "summary": {"covered_lines": 0, "num_statements": 0, "percent_covered": 100.0, "percent_covered_display": "100", "missing_lines": 0, "excluded_lines": 0}, "missing_lines": [], "excluded_lines": []}}, "classes": {"": {"executed_lines": [], "summary": {"covered_lines": 0, "num_statements": 0, "percent_covered": 100.0, "percent_covered_display": "100", "missing_lines": 0, "excluded_lines": 0}, "missing_lines": [], "excluded_lines": []}}}, "raxpy\\annotations\\__init__.py": {"executed_lines": [0], "summary": {"covered_lines": 0, "num_statements": 0, "percent_covered": 100.0, "percent_covered_display": "100", "missing_lines": 0, "excluded_lines": 0}, "missing_lines": [], "excluded_lines": [], "functions": {"": {"executed_lines": [], "summary": {"covered_lines": 0, "num_statements": 0, "percent_covered": 100.0, "percent_covered_display": "100", "missing_lines": 0, "excluded_lines": 0}, "missing_lines": [], "excluded_lines": []}}, "classes": {"": {"executed_lines": [], "summary": {"covered_lines": 0, "num_statements": 0, "percent_covered": 100.0, "percent_covered_display": "100", "missing_lines": 0, "excluded_lines": 0}, "missing_lines": [], "excluded_lines": []}}}, "raxpy\\annotations\\function_spec.py": {"executed_lines": [1, 3, 5, 6, 7, 10, 12, 28, 30, 31, 56, 59, 74, 76, 77, 78, 79, 81, 85, 88, 103, 104, 106, 113, 114, 116, 118], "summary": {"covered_lines": 27, "num_statements": 33, "percent_covered": 81.81818181818181, "percent_covered_display": "82", "missing_lines": 6, "excluded_lines": 0}, "missing_lines": [42, 44, 47, 48, 52, 54], "excluded_lines": [], "functions": {"_convert_param": {"executed_lines": [28, 30, 31, 56], "summary": {"covered_lines": 4, "num_statements": 10, "percent_covered": 40.0, "percent_covered_display": "40", "missing_lines": 6, "excluded_lines": 0}, "missing_lines": [42, 44, 47, 48, 52, 54], "excluded_lines": []}, "extract_input_space": {"executed_lines": [74, 76, 77, 78, 79, 81, 85], "summary": {"covered_lines": 7, "num_statements": 7, "percent_covered": 100.0, "percent_covered_display": "100", "missing_lines": 0, "excluded_lines": 0}, "missing_lines": [], "excluded_lines": []}, "extract_output_space": {"executed_lines": [103, 104, 106, 113, 114, 116, 118], "summary": {"covered_lines": 7, "num_statements": 7, "percent_covered": 100.0, "percent_covered_display": "100", "missing_lines": 0, "excluded_lines": 0}, "missing_lines": [], "excluded_lines": []}, "": {"executed_lines": [1, 3, 5, 6, 7, 10, 12, 59, 88], "summary": {"covered_lines": 9, "num_statements": 9, "percent_covered": 100.0, "percent_covered_display": "100", "missing_lines": 0, "excluded_lines": 0}, "missing_lines": [], "excluded_lines": []}}, "classes": {"": {"executed_lines": [1, 3, 5, 6, 7, 10, 12, 28, 30, 31, 56, 59, 74, 76, 77, 78, 79, 81, 85, 88, 103, 104, 106, 113, 114, 116, 118], "summary": {"covered_lines": 27, "num_statements": 33, "percent_covered": 81.81818181818181, "percent_covered_display": "82", "missing_lines": 6, "excluded_lines": 0}, "missing_lines": [42, 44, 47, 48, 52, 54], "excluded_lines": []}}}, "raxpy\\annotations\\mixture.py": {"executed_lines": [1, 3, 4, 7, 8, 9, 10, 12], "summary": {"covered_lines": 7, "num_statements": 8, "percent_covered": 87.5, "percent_covered_display": "88", "missing_lines": 1, "excluded_lines": 0}, "missing_lines": [27], "excluded_lines": [], "functions": {"Mixture.create_component_meta": {"executed_lines": [], "summary": {"covered_lines": 0, "num_statements": 1, "percent_covered": 0.0, "percent_covered_display": "0", "missing_lines": 1, "excluded_lines": 0}, "missing_lines": [27], "excluded_lines": []}, "": {"executed_lines": [1, 3, 4, 7, 8, 9, 10, 12], "summary": {"covered_lines": 7, "num_statements": 7, "percent_covered": 100.0, "percent_covered_display": "100", "missing_lines": 0, "excluded_lines": 0}, "missing_lines": [], "excluded_lines": []}}, "classes": {"Mixture": {"executed_lines": [], "summary": {"covered_lines": 0, "num_statements": 1, "percent_covered": 0.0, "percent_covered_display": "0", "missing_lines": 1, "excluded_lines": 0}, "missing_lines": [27], "excluded_lines": []}, "": {"executed_lines": [1, 3, 4, 7, 8, 9, 10, 12], "summary": {"covered_lines": 7, "num_statements": 7, "percent_covered": 100.0, "percent_covered_display": "100", "missing_lines": 0, "excluded_lines": 0}, "missing_lines": [], "excluded_lines": []}}}, "raxpy\\annotations\\type_spec.py": {"executed_lines": [1, 3, 10, 11, 12, 15, 18, 26, 41, 44, 61, 62, 65, 66, 67, 68, 74, 75, 78, 97, 98, 100, 113, 114, 115, 118, 121, 124, 148, 149, 150, 151, 153, 154, 166, 167, 168, 169, 170, 171, 172, 173, 174, 175, 177, 178, 180, 182, 184, 186, 188, 190, 191, 192, 193, 194, 197], "summary": {"covered_lines": 56, "num_statements": 66, "percent_covered": 84.84848484848484, "percent_covered_display": "85", "missing_lines": 10, "excluded_lines": 0}, "missing_lines": [63, 101, 102, 104, 105, 106, 108, 112, 120, 212], "excluded_lines": [], "functions": {"_is_annotated_with_metadata": {"executed_lines": [41], "summary": {"covered_lines": 1, "num_statements": 1, "percent_covered": 100.0, "percent_covered_display": "100", "missing_lines": 0, "excluded_lines": 0}, "missing_lines": [], "excluded_lines": []}, "list_dataclass_attributes": {"executed_lines": [61, 62, 65, 66, 67, 68, 74, 75], "summary": {"covered_lines": 8, "num_statements": 9, "percent_covered": 88.88888888888889, "percent_covered_display": "89", "missing_lines": 1, "excluded_lines": 0}, "missing_lines": [63], "excluded_lines": []}, "_map_base_type": {"executed_lines": [97, 98, 100, 113, 114, 115, 118, 121], "summary": {"covered_lines": 8, "num_statements": 16, "percent_covered": 50.0, "percent_covered_display": "50", "missing_lines": 8, "excluded_lines": 0}, "missing_lines": [101, 102, 104, 105, 106, 108, 112, 120], "excluded_lines": []}, "map_type": {"executed_lines": [148, 149, 150, 151, 153, 154, 166, 167, 168, 169, 170, 171, 172, 173, 174, 175, 177, 178, 180, 182, 184, 186, 188, 190, 191, 192, 193, 194], "summary": {"covered_lines": 28, "num_statements": 28, "percent_covered": 100.0, "percent_covered_display": "100", "missing_lines": 0, "excluded_lines": 0}, "missing_lines": [], "excluded_lines": []}, "map_primative_input": {"executed_lines": [], "summary": {"covered_lines": 0, "num_statements": 1, "percent_covered": 0.0, "percent_covered_display": "0", "missing_lines": 1, "excluded_lines": 0}, "missing_lines": [212], "excluded_lines": []}, "": {"executed_lines": [1, 3, 10, 11, 12, 15, 18, 26, 44, 78, 124, 197], "summary": {"covered_lines": 11, "num_statements": 11, "percent_covered": 100.0, "percent_covered_display": "100", "missing_lines": 0, "excluded_lines": 0}, "missing_lines": [], "excluded_lines": []}}, "classes": {"": {"executed_lines": [1, 3, 10, 11, 12, 15, 18, 26, 41, 44, 61, 62, 65, 66, 67, 68, 74, 75, 78, 97, 98, 100, 113, 114, 115, 118, 121, 124, 148, 149, 150, 151, 153, 154, 166, 167, 168, 169, 170, 171, 172, 173, 174, 175, 177, 178, 180, 182, 184, 186, 188, 190, 191, 192, 193, 194, 197], "summary": {"covered_lines": 56, "num_statements": 66, "percent_covered": 84.84848484848484, "percent_covered_display": "85", "missing_lines": 10, "excluded_lines": 0}, "missing_lines": [63, 101, 102, 104, 105, 106, 108, 112, 120, 212], "excluded_lines": []}}}, "raxpy\\annotations\\values.py": {"executed_lines": [1, 3, 4, 6, 9, 12, 13, 14, 18, 19, 21, 22, 23, 24, 25, 26, 31, 32, 33, 37, 40, 41, 42, 46, 47, 48, 51, 52, 53, 54, 55, 59, 60, 61, 65, 66, 67, 69, 81, 82, 83, 84, 87, 88, 89, 96], "summary": {"covered_lines": 40, "num_statements": 41, "percent_covered": 97.5609756097561, "percent_covered_display": "98", "missing_lines": 1, "excluded_lines": 0}, "missing_lines": [28], "excluded_lines": [], "functions": {"Base.apply_to": {"executed_lines": [22, 23, 24, 25, 26], "summary": {"covered_lines": 5, "num_statements": 6, "percent_covered": 83.33333333333333, "percent_covered_display": "83", "missing_lines": 1, "excluded_lines": 0}, "missing_lines": [28], "excluded_lines": []}, "Float.apply_to": {"executed_lines": [52, 53, 54, 55], "summary": {"covered_lines": 4, "num_statements": 4, "percent_covered": 100.0, "percent_covered_display": "100", "missing_lines": 0, "excluded_lines": 0}, "missing_lines": [], "excluded_lines": []}, "Integer.apply_to": {"executed_lines": [81, 82, 83, 84], "summary": {"covered_lines": 4, "num_statements": 4, "percent_covered": 100.0, "percent_covered_display": "100", "missing_lines": 0, "excluded_lines": 0}, "missing_lines": [], "excluded_lines": []}, "": {"executed_lines": [1, 3, 4, 6, 9, 12, 13, 14, 18, 19, 21, 31, 32, 33, 37, 40, 41, 42, 46, 47, 48, 51, 59, 60, 61, 65, 66, 67, 69, 87, 88, 89, 96], "summary": {"covered_lines": 27, "num_statements": 27, "percent_covered": 100.0, "percent_covered_display": "100", "missing_lines": 0, "excluded_lines": 0}, "missing_lines": [], "excluded_lines": []}}, "classes": {"Base": {"executed_lines": [22, 23, 24, 25, 26], "summary": {"covered_lines": 5, "num_statements": 6, "percent_covered": 83.33333333333333, "percent_covered_display": "83", "missing_lines": 1, "excluded_lines": 0}, "missing_lines": [28], "excluded_lines": []}, "Categorical": {"executed_lines": [], "summary": {"covered_lines": 0, "num_statements": 0, "percent_covered": 100.0, "percent_covered_display": "100", "missing_lines": 0, "excluded_lines": 0}, "missing_lines": [], "excluded_lines": []}, "Float": {"executed_lines": [52, 53, 54, 55], "summary": {"covered_lines": 4, "num_statements": 4, "percent_covered": 100.0, "percent_covered_display": "100", "missing_lines": 0, "excluded_lines": 0}, "missing_lines": [], "excluded_lines": []}, "Integer": {"executed_lines": [81, 82, 83, 84], "summary": {"covered_lines": 4, "num_statements": 4, "percent_covered": 100.0, "percent_covered_display": "100", "missing_lines": 0, "excluded_lines": 0}, "missing_lines": [], "excluded_lines": []}, "Binary": {"executed_lines": [], "summary": {"covered_lines": 0, "num_statements": 0, "percent_covered": 100.0, "percent_covered_display": "100", "missing_lines": 0, "excluded_lines": 0}, "missing_lines": [], "excluded_lines": []}, "": {"executed_lines": [1, 3, 4, 6, 9, 12, 13, 14, 18, 19, 21, 31, 32, 33, 37, 40, 41, 42, 46, 47, 48, 51, 59, 60, 61, 65, 66, 67, 69, 87, 88, 89, 96], "summary": {"covered_lines": 27, "num_statements": 27, "percent_covered": 100.0, "percent_covered_display": "100", "missing_lines": 0, "excluded_lines": 0}, "missing_lines": [], "excluded_lines": []}}}, "raxpy\\decorators.py": {"executed_lines": [1, 3, 5, 7, 8, 12, 13, 16, 30, 31, 32, 33, 34, 36, 39, 40, 41, 44, 61, 75, 77, 78, 96, 98, 99, 101, 106, 108, 110], "summary": {"covered_lines": 28, "num_statements": 30, "percent_covered": 93.33333333333333, "percent_covered_display": "93", "missing_lines": 2, "excluded_lines": 0}, "missing_lines": [37, 104], "excluded_lines": [], "functions": {"validate_function_inputs": {"executed_lines": [30, 31, 32, 33, 34, 36, 39, 40, 41], "summary": {"covered_lines": 9, "num_statements": 10, "percent_covered": 90.0, "percent_covered_display": "90", "missing_lines": 1, "excluded_lines": 0}, "missing_lines": [37], "excluded_lines": []}, "validate_at_runtime": {"executed_lines": [61, 110], "summary": {"covered_lines": 2, "num_statements": 2, "percent_covered": 100.0, "percent_covered_display": "100", "missing_lines": 0, "excluded_lines": 0}, "missing_lines": [], "excluded_lines": []}, "validate_at_runtime._validate_at_runtime": {"executed_lines": [75, 77, 78, 108], "summary": {"covered_lines": 4, "num_statements": 4, "percent_covered": 100.0, "percent_covered_display": "100", "missing_lines": 0, "excluded_lines": 0}, "missing_lines": [], "excluded_lines": []}, "validate_at_runtime._validate_at_runtime.wrapper": {"executed_lines": [96, 98, 99, 101, 106], "summary": {"covered_lines": 5, "num_statements": 6, "percent_covered": 83.33333333333333, "percent_covered_display": "83", "missing_lines": 1, "excluded_lines": 0}, "missing_lines": [104], "excluded_lines": []}, "": {"executed_lines": [1, 3, 5, 7, 8, 12, 13, 16, 44], "summary": {"covered_lines": 8, "num_statements": 8, "percent_covered": 100.0, "percent_covered_display": "100", "missing_lines": 0, "excluded_lines": 0}, "missing_lines": [], "excluded_lines": []}}, "classes": {"": {"executed_lines": [1, 3, 5, 7, 8, 12, 13, 16, 30, 31, 32, 33, 34, 36, 39, 40, 41, 44, 61, 75, 77, 78, 96, 98, 99, 101, 106, 108, 110], "summary": {"covered_lines": 28, "num_statements": 30, "percent_covered": 93.33333333333333, "percent_covered_display": "93", "missing_lines": 2, "excluded_lines": 0}, "missing_lines": [37, 104], "excluded_lines": []}}}, "raxpy\\does\\__init__.py": {"executed_lines": [0], "summary": {"covered_lines": 0, "num_statements": 0, "percent_covered": 100.0, "percent_covered_display": "100", "missing_lines": 0, "excluded_lines": 0}, "missing_lines": [], "excluded_lines": [], "functions": {"": {"executed_lines": [], "summary": {"covered_lines": 0, "num_statements": 0, "percent_covered": 100.0, "percent_covered_display": "100", "missing_lines": 0, "excluded_lines": 0}, "missing_lines": [], "excluded_lines": []}}, "classes": {"": {"executed_lines": [], "summary": {"covered_lines": 0, "num_statements": 0, "percent_covered": 100.0, "percent_covered_display": "100", "missing_lines": 0, "excluded_lines": 0}, "missing_lines": [], "excluded_lines": []}}}, "raxpy\\does\\assess.py": {"executed_lines": [1, 6, 7, 8, 9, 11, 12, 13, 14, 15, 17, 18, 21, 22, 23, 28, 29, 33, 35, 37, 39, 41, 43, 46, 48, 50, 52, 55, 70, 71, 72, 74, 75, 78, 81, 102, 104, 105, 106, 107, 109, 112, 113, 114, 116, 118, 120, 122, 126, 129, 130, 133, 137, 138, 140, 143, 163, 165, 167, 169, 170, 171, 173, 174, 175, 178, 193, 196, 210, 213, 229, 232, 240, 241, 242, 246, 247, 248, 249, 252, 253, 254, 258, 259, 260, 263, 268, 269, 270, 271, 272, 273, 275, 277, 280, 285, 286, 287, 288, 289, 290, 292, 294, 298, 304, 314, 317, 318, 319, 320, 321, 324, 325, 327, 328, 329, 331, 332, 335, 338, 340, 346, 347, 348, 351, 352, 354, 357, 358, 359, 360, 364, 365, 366, 371, 383, 385, 387, 388, 392, 394], "summary": {"covered_lines": 137, "num_statements": 142, "percent_covered": 96.47887323943662, "percent_covered_display": "96", "missing_lines": 5, "excluded_lines": 0}, "missing_lines": [103, 361, 362, 389, 390], "excluded_lines": [], "functions": {"compute_min_point_distance": {"executed_lines": [70, 71, 72, 74, 75, 78], "summary": {"covered_lines": 6, "num_statements": 6, "percent_covered": 100.0, "percent_covered_display": "100", "missing_lines": 0, "excluded_lines": 0}, "missing_lines": [], "excluded_lines": []}, "compute_average_reciprocal_distance_projection": {"executed_lines": [102, 104, 105, 106, 107, 109, 112, 113, 114, 116, 118, 120, 122, 126, 129, 130, 133, 137, 138, 140], "summary": {"covered_lines": 20, "num_statements": 21, "percent_covered": 95.23809523809524, "percent_covered_display": "95", "missing_lines": 1, "excluded_lines": 0}, "missing_lines": [103], "excluded_lines": []}, "compute_mst_stats": {"executed_lines": [163, 165, 167, 169, 170, 171, 173, 174, 175], "summary": {"covered_lines": 9, "num_statements": 9, "percent_covered": 100.0, "percent_covered_display": "100", "missing_lines": 0, "excluded_lines": 0}, "missing_lines": [], "excluded_lines": []}, "compute_discrepancy": {"executed_lines": [193], "summary": {"covered_lines": 1, "num_statements": 1, "percent_covered": 100.0, "percent_covered_display": "100", "missing_lines": 0, "excluded_lines": 0}, "missing_lines": [], "excluded_lines": []}, "compute_portion_of_total": {"executed_lines": [210], "summary": {"covered_lines": 1, "num_statements": 1, "percent_covered": 100.0, "percent_covered_display": "100", "missing_lines": 0, "excluded_lines": 0}, "missing_lines": [], "excluded_lines": []}, "compute_avg_portion_of_levels": {"executed_lines": [229], "summary": {"covered_lines": 1, "num_statements": 1, "percent_covered": 100.0, "percent_covered_display": "100", "missing_lines": 0, "excluded_lines": 0}, "missing_lines": [], "excluded_lines": []}, "compute_weighted_discrepancy": {"executed_lines": [268, 269, 270, 271, 272, 273, 275, 277], "summary": {"covered_lines": 8, "num_statements": 8, "percent_covered": 100.0, "percent_covered_display": "100", "missing_lines": 0, "excluded_lines": 0}, "missing_lines": [], "excluded_lines": []}, "compute_weighted_mipd": {"executed_lines": [285, 286, 287, 288, 289, 290, 292, 294], "summary": {"covered_lines": 8, "num_statements": 8, "percent_covered": 100.0, "percent_covered_display": "100", "missing_lines": 0, "excluded_lines": 0}, "missing_lines": [], "excluded_lines": []}, "assess_with_all_metrics": {"executed_lines": [314, 317, 318, 319, 320, 321, 324, 335, 338, 340, 346, 347, 348, 351, 352, 354, 357, 358, 359, 360, 364, 365, 366, 371, 383, 385, 387, 388, 392, 394], "summary": {"covered_lines": 30, "num_statements": 34, "percent_covered": 88.23529411764706, "percent_covered_display": "88", "missing_lines": 4, "excluded_lines": 0}, "missing_lines": [361, 362, 389, 390], "excluded_lines": []}, "assess_with_all_metrics.map_point": {"executed_lines": [325, 327, 328, 329, 331, 332], "summary": {"covered_lines": 6, "num_statements": 6, "percent_covered": 100.0, "percent_covered_display": "100", "missing_lines": 0, "excluded_lines": 0}, "missing_lines": [], "excluded_lines": []}, "": {"executed_lines": [1, 6, 7, 8, 9, 11, 12, 13, 14, 15, 17, 18, 21, 22, 23, 28, 29, 33, 35, 37, 39, 41, 43, 46, 48, 50, 52, 55, 81, 143, 178, 196, 213, 232, 240, 241, 242, 246, 247, 248, 249, 252, 253, 254, 258, 259, 260, 263, 280, 298, 304], "summary": {"covered_lines": 47, "num_statements": 47, "percent_covered": 100.0, "percent_covered_display": "100", "missing_lines": 0, "excluded_lines": 0}, "missing_lines": [], "excluded_lines": []}}, "classes": {"SubSpaceMetricComputeContext": {"executed_lines": [], "summary": {"covered_lines": 0, "num_statements": 0, "percent_covered": 100.0, "percent_covered_display": "100", "missing_lines": 0, "excluded_lines": 0}, "missing_lines": [], "excluded_lines": []}, "CompleteSubDesignAssessment": {"executed_lines": [], "summary": {"covered_lines": 0, "num_statements": 0, "percent_covered": 100.0, "percent_covered_display": "100", "missing_lines": 0, "excluded_lines": 0}, "missing_lines": [], "excluded_lines": []}, "DoeAssessment": {"executed_lines": [], "summary": {"covered_lines": 0, "num_statements": 0, "percent_covered": 100.0, "percent_covered_display": "100", "missing_lines": 0, "excluded_lines": 0}, "missing_lines": [], "excluded_lines": []}, "": {"executed_lines": [1, 6, 7, 8, 9, 11, 12, 13, 14, 15, 17, 18, 21, 22, 23, 28, 29, 33, 35, 37, 39, 41, 43, 46, 48, 50, 52, 55, 70, 71, 72, 74, 75, 78, 81, 102, 104, 105, 106, 107, 109, 112, 113, 114, 116, 118, 120, 122, 126, 129, 130, 133, 137, 138, 140, 143, 163, 165, 167, 169, 170, 171, 173, 174, 175, 178, 193, 196, 210, 213, 229, 232, 240, 241, 242, 246, 247, 248, 249, 252, 253, 254, 258, 259, 260, 263, 268, 269, 270, 271, 272, 273, 275, 277, 280, 285, 286, 287, 288, 289, 290, 292, 294, 298, 304, 314, 317, 318, 319, 320, 321, 324, 325, 327, 328, 329, 331, 332, 335, 338, 340, 346, 347, 348, 351, 352, 354, 357, 358, 359, 360, 364, 365, 366, 371, 383, 385, 387, 388, 392, 394], "summary": {"covered_lines": 137, "num_statements": 142, "percent_covered": 96.47887323943662, "percent_covered_display": "96", "missing_lines": 5, "excluded_lines": 0}, "missing_lines": [103, 361, 362, 389, 390], "excluded_lines": []}}}, "raxpy\\does\\doe.py": {"executed_lines": [1, 6, 7, 9, 11, 14, 15, 16, 20, 21, 22, 23, 25, 36, 37, 44, 45, 46, 47, 48, 52, 53, 55, 60, 82, 84, 91, 92, 102, 104, 105, 115], "summary": {"covered_lines": 30, "num_statements": 30, "percent_covered": 100.0, "percent_covered_display": "100", "missing_lines": 0, "excluded_lines": 0}, "missing_lines": [], "excluded_lines": [], "functions": {"DesignOfExperiment.__post_init__": {"executed_lines": [36, 37, 44, 45, 46, 47, 48, 52, 53, 55], "summary": {"covered_lines": 10, "num_statements": 10, "percent_covered": 100.0, "percent_covered_display": "100", "missing_lines": 0, "excluded_lines": 0}, "missing_lines": [], "excluded_lines": []}, "DesignOfExperiment.extract_points_and_dimensions": {"executed_lines": [82, 84], "summary": {"covered_lines": 2, "num_statements": 2, "percent_covered": 100.0, "percent_covered_display": "100", "missing_lines": 0, "excluded_lines": 0}, "missing_lines": [], "excluded_lines": []}, "DesignOfExperiment.point_count": {"executed_lines": [102], "summary": {"covered_lines": 1, "num_statements": 1, "percent_covered": 100.0, "percent_covered_display": "100", "missing_lines": 0, "excluded_lines": 0}, "missing_lines": [], "excluded_lines": []}, "DesignOfExperiment.dim_specification_count": {"executed_lines": [115], "summary": {"covered_lines": 1, "num_statements": 1, "percent_covered": 100.0, "percent_covered_display": "100", "missing_lines": 0, "excluded_lines": 0}, "missing_lines": [], "excluded_lines": []}, "": {"executed_lines": [1, 6, 7, 9, 11, 14, 15, 16, 20, 21, 22, 23, 25, 60, 91, 92, 104, 105], "summary": {"covered_lines": 16, "num_statements": 16, "percent_covered": 100.0, "percent_covered_display": "100", "missing_lines": 0, "excluded_lines": 0}, "missing_lines": [], "excluded_lines": []}}, "classes": {"DesignOfExperiment": {"executed_lines": [36, 37, 44, 45, 46, 47, 48, 52, 53, 55, 82, 84, 102, 115], "summary": {"covered_lines": 14, "num_statements": 14, "percent_covered": 100.0, "percent_covered_display": "100", "missing_lines": 0, "excluded_lines": 0}, "missing_lines": [], "excluded_lines": []}, "": {"executed_lines": [1, 6, 7, 9, 11, 14, 15, 16, 20, 21, 22, 23, 25, 60, 91, 92, 104, 105], "summary": {"covered_lines": 16, "num_statements": 16, "percent_covered": 100.0, "percent_covered_display": "100", "missing_lines": 0, "excluded_lines": 0}, "missing_lines": [], "excluded_lines": []}}}, "raxpy\\does\\lhs.py": {"executed_lines": [1, 6, 8, 9, 11, 12, 17, 18, 19, 22, 44, 61, 62, 69, 70, 72, 74, 77, 80, 102, 104, 105, 106, 109, 113, 114, 115, 116, 117, 118, 119, 120, 122, 123, 126, 127, 130, 132, 133, 135, 136, 137, 138, 139, 147, 148, 151, 153, 154, 155, 156, 158, 159, 160, 161, 163, 171, 172, 173, 174, 178, 180, 182, 186, 194, 221, 223, 224, 225, 226, 228, 232, 234, 238, 239, 240, 241, 242, 245, 247, 248, 249, 250, 251, 252, 256, 257, 258, 259, 261, 262, 264, 265, 266, 268, 271, 272, 274, 276, 277, 279, 282, 287, 288, 289, 290, 297, 298, 300, 301, 302, 303, 305, 307, 308, 311, 312, 313, 315, 319, 321, 322, 323, 325, 326, 328, 330, 334, 336, 337, 338, 339, 341, 342, 344, 347, 348, 351, 352, 353, 354, 356, 358, 360, 368, 389, 390, 391, 392, 394, 396, 400], "summary": {"covered_lines": 151, "num_statements": 158, "percent_covered": 95.56962025316456, "percent_covered_display": "96", "missing_lines": 7, "excluded_lines": 0}, "missing_lines": [179, 253, 254, 255, 280, 283, 284], "excluded_lines": [], "functions": {"create_base_lhs_creator": {"executed_lines": [44, 74], "summary": {"covered_lines": 2, "num_statements": 2, "percent_covered": 100.0, "percent_covered_display": "100", "missing_lines": 0, "excluded_lines": 0}, "missing_lines": [], "excluded_lines": []}, "create_base_lhs_creator.create": {"executed_lines": [61, 62, 69, 70, 72], "summary": {"covered_lines": 5, "num_statements": 5, "percent_covered": 100.0, "percent_covered_display": "100", "missing_lines": 0, "excluded_lines": 0}, "missing_lines": [], "excluded_lines": []}, "generate_design": {"executed_lines": [102, 104, 105, 106, 109, 113, 114, 115, 116, 117, 118, 119, 120, 122, 123, 126, 127, 130, 132, 133, 135, 136, 137, 138, 139, 147, 148, 151, 153, 154, 155, 156, 158, 159, 160, 161, 163, 171, 172, 173, 174, 178, 180, 182, 186], "summary": {"covered_lines": 45, "num_statements": 46, "percent_covered": 97.82608695652173, "percent_covered_display": "98", "missing_lines": 1, "excluded_lines": 0}, "missing_lines": [179], "excluded_lines": []}, "generate_seperate_designs_by_full_subspace": {"executed_lines": [221, 223, 224, 225, 226, 228, 232, 234, 238, 239, 240, 241, 242, 245, 247, 248, 249, 250, 251, 252, 256, 257, 258, 259, 261, 262, 264, 265, 266, 268, 271, 272, 274, 276, 277, 279, 282, 287, 288, 289, 290, 297, 298, 300, 301, 302, 303, 305, 307, 308, 311, 312, 313, 315, 319, 321, 322, 323, 325, 326, 328, 330, 334, 336, 337, 338, 339, 341, 342, 344, 347, 348, 351, 352, 353, 354, 356, 358, 360], "summary": {"covered_lines": 79, "num_statements": 85, "percent_covered": 92.94117647058823, "percent_covered_display": "93", "missing_lines": 6, "excluded_lines": 0}, "missing_lines": [253, 254, 255, 280, 283, 284], "excluded_lines": []}, "generate_design_with_projection": {"executed_lines": [389, 390, 391, 392, 394, 396, 400], "summary": {"covered_lines": 7, "num_statements": 7, "percent_covered": 100.0, "percent_covered_display": "100", "missing_lines": 0, "excluded_lines": 0}, "missing_lines": [], "excluded_lines": []}, "": {"executed_lines": [1, 6, 8, 9, 11, 12, 17, 18, 19, 22, 77, 80, 194, 368], "summary": {"covered_lines": 13, "num_statements": 13, "percent_covered": 100.0, "percent_covered_display": "100", "missing_lines": 0, "excluded_lines": 0}, "missing_lines": [], "excluded_lines": []}}, "classes": {"": {"executed_lines": [1, 6, 8, 9, 11, 12, 17, 18, 19, 22, 44, 61, 62, 69, 70, 72, 74, 77, 80, 102, 104, 105, 106, 109, 113, 114, 115, 116, 117, 118, 119, 120, 122, 123, 126, 127, 130, 132, 133, 135, 136, 137, 138, 139, 147, 148, 151, 153, 154, 155, 156, 158, 159, 160, 161, 163, 171, 172, 173, 174, 178, 180, 182, 186, 194, 221, 223, 224, 225, 226, 228, 232, 234, 238, 239, 240, 241, 242, 245, 247, 248, 249, 250, 251, 252, 256, 257, 258, 259, 261, 262, 264, 265, 266, 268, 271, 272, 274, 276, 277, 279, 282, 287, 288, 289, 290, 297, 298, 300, 301, 302, 303, 305, 307, 308, 311, 312, 313, 315, 319, 321, 322, 323, 325, 326, 328, 330, 334, 336, 337, 338, 339, 341, 342, 344, 347, 348, 351, 352, 353, 354, 356, 358, 360, 368, 389, 390, 391, 392, 394, 396, 400], "summary": {"covered_lines": 151, "num_statements": 158, "percent_covered": 95.56962025316456, "percent_covered_display": "96", "missing_lines": 7, "excluded_lines": 0}, "missing_lines": [179, 253, 254, 255, 280, 283, 284], "excluded_lines": []}}}, "raxpy\\does\\maxpro.py": {"executed_lines": [], "summary": {"covered_lines": 0, "num_statements": 0, "percent_covered": 100.0, "percent_covered_display": "100", "missing_lines": 0, "excluded_lines": 0}, "missing_lines": [], "excluded_lines": [], "functions": {"": {"executed_lines": [], "summary": {"covered_lines": 0, "num_statements": 0, "percent_covered": 100.0, "percent_covered_display": "100", "missing_lines": 0, "excluded_lines": 0}, "missing_lines": [], "excluded_lines": []}}, "classes": {"": {"executed_lines": [], "summary": {"covered_lines": 0, "num_statements": 0, "percent_covered": 100.0, "percent_covered_display": "100", "missing_lines": 0, "excluded_lines": 0}, "missing_lines": [], "excluded_lines": []}}}, "raxpy\\does\\plots.py": {"executed_lines": [], "summary": {"covered_lines": 0, "num_statements": 22, "percent_covered": 0.0, "percent_covered_display": "0", "missing_lines": 22, "excluded_lines": 0}, "missing_lines": [5, 7, 8, 11, 33, 34, 35, 37, 39, 40, 43, 55, 56, 57, 58, 59, 62, 63, 72, 73, 74, 76], "excluded_lines": [], "functions": {"scatterplot_matrix": {"executed_lines": [], "summary": {"covered_lines": 0, "num_statements": 18, "percent_covered": 0.0, "percent_covered_display": "0", "missing_lines": 18, "excluded_lines": 0}, "missing_lines": [33, 34, 35, 37, 39, 40, 43, 55, 56, 57, 58, 59, 62, 63, 72, 73, 74, 76], "excluded_lines": []}, "": {"executed_lines": [], "summary": {"covered_lines": 0, "num_statements": 4, "percent_covered": 0.0, "percent_covered_display": "0", "missing_lines": 4, "excluded_lines": 0}, "missing_lines": [5, 7, 8, 11], "excluded_lines": []}}, "classes": {"": {"executed_lines": [], "summary": {"covered_lines": 0, "num_statements": 22, "percent_covered": 0.0, "percent_covered_display": "0", "missing_lines": 22, "excluded_lines": 0}, "missing_lines": [5, 7, 8, 11, 33, 34, 35, 37, 39, 40, 43, 55, 56, 57, 58, 59, 62, 63, 72, 73, 74, 76], "excluded_lines": []}}}, "raxpy\\does\\random.py": {"executed_lines": [], "summary": {"covered_lines": 0, "num_statements": 12, "percent_covered": 0.0, "percent_covered_display": "0", "missing_lines": 12, "excluded_lines": 0}, "missing_lines": [3, 5, 6, 7, 10, 28, 29, 30, 31, 32, 33, 37], "excluded_lines": [], "functions": {"generate_design": {"executed_lines": [], "summary": {"covered_lines": 0, "num_statements": 7, "percent_covered": 0.0, "percent_covered_display": "0", "missing_lines": 7, "excluded_lines": 0}, "missing_lines": [28, 29, 30, 31, 32, 33, 37], "excluded_lines": []}, "": {"executed_lines": [], "summary": {"covered_lines": 0, "num_statements": 5, "percent_covered": 0.0, "percent_covered_display": "0", "missing_lines": 5, "excluded_lines": 0}, "missing_lines": [3, 5, 6, 7, 10], "excluded_lines": []}}, "classes": {"": {"executed_lines": [], "summary": {"covered_lines": 0, "num_statements": 12, "percent_covered": 0.0, "percent_covered_display": "0", "missing_lines": 12, "excluded_lines": 0}, "missing_lines": [3, 5, 6, 7, 10, 28, 29, 30, 31, 32, 33, 37], "excluded_lines": []}}}, "raxpy\\does\\rsm.py": {"executed_lines": [], "summary": {"covered_lines": 0, "num_statements": 0, "percent_covered": 100.0, "percent_covered_display": "100", "missing_lines": 0, "excluded_lines": 0}, "missing_lines": [], "excluded_lines": [], "functions": {"": {"executed_lines": [], "summary": {"covered_lines": 0, "num_statements": 0, "percent_covered": 100.0, "percent_covered_display": "100", "missing_lines": 0, "excluded_lines": 0}, "missing_lines": [], "excluded_lines": []}}, "classes": {"": {"executed_lines": [], "summary": {"covered_lines": 0, "num_statements": 0, "percent_covered": 100.0, "percent_covered_display": "100", "missing_lines": 0, "excluded_lines": 0}, "missing_lines": [], "excluded_lines": []}}}, "raxpy\\execute.py": {"executed_lines": [1, 3, 5, 6, 7, 8, 9, 12, 13, 16, 34, 36, 37, 39, 42, 62, 64, 66, 70, 75, 78, 96, 118, 119, 120, 121], "summary": {"covered_lines": 25, "num_statements": 25, "percent_covered": 100.0, "percent_covered_display": "100", "missing_lines": 0, "excluded_lines": 0}, "missing_lines": [], "excluded_lines": [], "functions": {"_default_orchistrator": {"executed_lines": [34, 36, 37, 39], "summary": {"covered_lines": 4, "num_statements": 4, "percent_covered": 100.0, "percent_covered_display": "100", "missing_lines": 0, "excluded_lines": 0}, "missing_lines": [], "excluded_lines": []}, "_default_designer": {"executed_lines": [62, 64, 66, 70, 75], "summary": {"covered_lines": 5, "num_statements": 5, "percent_covered": 100.0, "percent_covered_display": "100", "missing_lines": 0, "excluded_lines": 0}, "missing_lines": [], "excluded_lines": []}, "perform_batch_experiment": {"executed_lines": [96, 118, 119, 120, 121], "summary": {"covered_lines": 5, "num_statements": 5, "percent_covered": 100.0, "percent_covered_display": "100", "missing_lines": 0, "excluded_lines": 0}, "missing_lines": [], "excluded_lines": []}, "": {"executed_lines": [1, 3, 5, 6, 7, 8, 9, 12, 13, 16, 42, 78], "summary": {"covered_lines": 11, "num_statements": 11, "percent_covered": 100.0, "percent_covered_display": "100", "missing_lines": 0, "excluded_lines": 0}, "missing_lines": [], "excluded_lines": []}}, "classes": {"": {"executed_lines": [1, 3, 5, 6, 7, 8, 9, 12, 13, 16, 34, 36, 37, 39, 42, 62, 64, 66, 70, 75, 78, 96, 118, 119, 120, 121], "summary": {"covered_lines": 25, "num_statements": 25, "percent_covered": 100.0, "percent_covered_display": "100", "missing_lines": 0, "excluded_lines": 0}, "missing_lines": [], "excluded_lines": []}}}, "raxpy\\spaces\\__init__.py": {"executed_lines": [0], "summary": {"covered_lines": 0, "num_statements": 0, "percent_covered": 100.0, "percent_covered_display": "100", "missing_lines": 0, "excluded_lines": 0}, "missing_lines": [], "excluded_lines": [], "functions": {"": {"executed_lines": [], "summary": {"covered_lines": 0, "num_statements": 0, "percent_covered": 100.0, "percent_covered_display": "100", "missing_lines": 0, "excluded_lines": 0}, "missing_lines": [], "excluded_lines": []}}, "classes": {"": {"executed_lines": [], "summary": {"covered_lines": 0, "num_statements": 0, "percent_covered": 100.0, "percent_covered_display": "100", "missing_lines": 0, "excluded_lines": 0}, "missing_lines": [], "excluded_lines": []}}}, "raxpy\\spaces\\complexity.py": {"executed_lines": [1, 3, 5, 7, 8, 9, 12, 27, 30, 31, 32, 33, 34, 38, 39, 41, 42, 43, 46, 47, 49, 50, 51, 52, 53, 57, 60, 61, 64, 66, 67, 69, 72, 87, 90, 92, 93, 95, 97, 99, 103, 106, 107, 110, 129, 130, 132, 133, 135, 137, 139, 140, 142, 144, 145, 146, 148, 150, 151, 153, 157, 158, 159, 163, 167, 169, 171, 173], "summary": {"covered_lines": 67, "num_statements": 73, "percent_covered": 91.78082191780823, "percent_covered_display": "92", "missing_lines": 6, "excluded_lines": 0}, "missing_lines": [37, 40, 44, 45, 58, 62], "excluded_lines": [], "functions": {"estimate_complexity": {"executed_lines": [27, 30, 31, 32, 33, 34, 38, 39, 41, 42, 43, 46, 47, 49, 50, 51, 52, 53, 57, 60, 61, 64, 66, 67, 69], "summary": {"covered_lines": 25, "num_statements": 31, "percent_covered": 80.64516129032258, "percent_covered_display": "81", "missing_lines": 6, "excluded_lines": 0}, "missing_lines": [37, 40, 44, 45, 58, 62], "excluded_lines": []}, "assign_null_portions": {"executed_lines": [87, 90, 92, 93, 95, 97, 99, 103, 106, 107], "summary": {"covered_lines": 10, "num_statements": 10, "percent_covered": 100.0, "percent_covered_display": "100", "missing_lines": 0, "excluded_lines": 0}, "missing_lines": [], "excluded_lines": []}, "compute_subspace_portions": {"executed_lines": [129, 130, 132, 133, 135, 137, 139, 140, 142, 144, 145, 146, 148, 150, 151, 153, 157, 158, 159, 163, 167, 169, 171, 173], "summary": {"covered_lines": 24, "num_statements": 24, "percent_covered": 100.0, "percent_covered_display": "100", "missing_lines": 0, "excluded_lines": 0}, "missing_lines": [], "excluded_lines": []}, "": {"executed_lines": [1, 3, 5, 7, 8, 9, 12, 72, 110], "summary": {"covered_lines": 8, "num_statements": 8, "percent_covered": 100.0, "percent_covered_display": "100", "missing_lines": 0, "excluded_lines": 0}, "missing_lines": [], "excluded_lines": []}}, "classes": {"": {"executed_lines": [1, 3, 5, 7, 8, 9, 12, 27, 30, 31, 32, 33, 34, 38, 39, 41, 42, 43, 46, 47, 49, 50, 51, 52, 53, 57, 60, 61, 64, 66, 67, 69, 72, 87, 90, 92, 93, 95, 97, 99, 103, 106, 107, 110, 129, 130, 132, 133, 135, 137, 139, 140, 142, 144, 145, 146, 148, 150, 151, 153, 157, 158, 159, 163, 167, 169, 171, 173], "summary": {"covered_lines": 67, "num_statements": 73, "percent_covered": 91.78082191780823, "percent_covered_display": "92", "missing_lines": 6, "excluded_lines": 0}, "missing_lines": [37, 40, 44, 45, 58, 62], "excluded_lines": []}}}, "raxpy\\spaces\\dim_tags.py": {"executed_lines": [1, 9, 10, 15, 16, 22, 23, 35, 36, 41, 42, 49, 50], "summary": {"covered_lines": 12, "num_statements": 12, "percent_covered": 100.0, "percent_covered_display": "100", "missing_lines": 0, "excluded_lines": 0}, "missing_lines": [], "excluded_lines": [], "functions": {"": {"executed_lines": [1, 9, 10, 15, 16, 22, 23, 35, 36, 41, 42, 49, 50], "summary": {"covered_lines": 12, "num_statements": 12, "percent_covered": 100.0, "percent_covered_display": "100", "missing_lines": 0, "excluded_lines": 0}, "missing_lines": [], "excluded_lines": []}}, "classes": {"": {"executed_lines": [1, 9, 10, 15, 16, 22, 23, 35, 36, 41, 42, 49, 50], "summary": {"covered_lines": 12, "num_statements": 12, "percent_covered": 100.0, "percent_covered_display": "100", "missing_lines": 0, "excluded_lines": 0}, "missing_lines": [], "excluded_lines": []}}}, "raxpy\\spaces\\dimensions.py": {"executed_lines": [1, 3, 15, 17, 20, 23, 42, 43, 45, 46, 60, 66, 83, 85, 86, 87, 88, 95, 97, 98, 101, 102, 103, 107, 108, 109, 110, 111, 112, 113, 114, 116, 126, 128, 129, 130, 133, 137, 139, 145, 163, 180, 182, 198, 212, 230, 246, 252, 253, 254, 258, 259, 260, 262, 279, 305, 306, 309, 310, 312, 313, 320, 361, 368, 369, 370, 374, 375, 376, 378, 394, 396, 421, 422, 428, 429, 430, 431, 445, 452, 472, 473, 474, 475, 479, 480, 484, 493, 498, 501, 502, 503, 507, 508, 511, 512, 513, 517, 518, 520, 536, 538, 568, 598, 605, 606, 607, 611, 613, 614, 623, 625, 644, 668, 674, 678, 680, 684, 686, 690, 701, 721, 740, 741, 742, 746, 747, 748, 751, 752, 753, 757, 758, 759, 761, 777, 778, 780, 799, 807, 811, 813, 817, 819, 823, 834, 859], "summary": {"covered_lines": 138, "num_statements": 199, "percent_covered": 69.34673366834171, "percent_covered_display": "69", "missing_lines": 61, "excluded_lines": 0}, "missing_lines": [89, 90, 93, 127, 131, 143, 159, 194, 208, 231, 232, 234, 235, 238, 239, 244, 247, 277, 307, 316, 340, 341, 342, 343, 347, 348, 352, 356, 365, 448, 488, 560, 561, 564, 587, 588, 589, 593, 602, 641, 642, 714, 715, 716, 717, 718, 719, 734, 735, 736, 737, 848, 849, 850, 851, 852, 853, 854, 856, 857, 863], "excluded_lines": [], "functions": {"_map_values": {"executed_lines": [42, 43, 45, 46, 60], "summary": {"covered_lines": 5, "num_statements": 5, "percent_covered": 100.0, "percent_covered_display": "100", "missing_lines": 0, "excluded_lines": 0}, "missing_lines": [], "excluded_lines": []}, "convert_values_from_dict": {"executed_lines": [83, 85, 86, 87, 88, 95, 97, 98], "summary": {"covered_lines": 8, "num_statements": 11, "percent_covered": 72.72727272727273, "percent_covered_display": "73", "missing_lines": 3, "excluded_lines": 0}, "missing_lines": [89, 90, 93], "excluded_lines": []}, "Dimension.__post_init__": {"executed_lines": [126, 128, 129, 130], "summary": {"covered_lines": 4, "num_statements": 6, "percent_covered": 66.66666666666667, "percent_covered_display": "67", "missing_lines": 2, "excluded_lines": 0}, "missing_lines": [127, 131], "excluded_lines": []}, "Dimension.has_child_dimensions": {"executed_lines": [137], "summary": {"covered_lines": 1, "num_statements": 1, "percent_covered": 100.0, "percent_covered_display": "100", "missing_lines": 0, "excluded_lines": 0}, "missing_lines": [], "excluded_lines": []}, "Dimension.only_supports_spec_structure": {"executed_lines": [], "summary": {"covered_lines": 0, "num_statements": 1, "percent_covered": 0.0, "percent_covered_display": "0", "missing_lines": 1, "excluded_lines": 0}, "missing_lines": [143], "excluded_lines": []}, "Dimension.collapse_uniform": {"executed_lines": [], "summary": {"covered_lines": 0, "num_statements": 1, "percent_covered": 0.0, "percent_covered_display": "0", "missing_lines": 1, "excluded_lines": 0}, "missing_lines": [159], "excluded_lines": []}, "Dimension.has_tag": {"executed_lines": [180], "summary": {"covered_lines": 1, "num_statements": 1, "percent_covered": 100.0, "percent_covered_display": "100", "missing_lines": 0, "excluded_lines": 0}, "missing_lines": [], "excluded_lines": []}, "Dimension.convert_to_argument": {"executed_lines": [], "summary": {"covered_lines": 0, "num_statements": 1, "percent_covered": 0.0, "percent_covered_display": "0", "missing_lines": 1, "excluded_lines": 0}, "missing_lines": [194], "excluded_lines": []}, "Dimension.acceptable_types": {"executed_lines": [], "summary": {"covered_lines": 0, "num_statements": 1, "percent_covered": 0.0, "percent_covered_display": "0", "missing_lines": 1, "excluded_lines": 0}, "missing_lines": [208], "excluded_lines": []}, "Dimension.validate": {"executed_lines": [230, 246], "summary": {"covered_lines": 2, "num_statements": 10, "percent_covered": 20.0, "percent_covered_display": "20", "missing_lines": 8, "excluded_lines": 0}, "missing_lines": [231, 232, 234, 235, 238, 239, 244, 247], "excluded_lines": []}, "Int.convert_to_argument": {"executed_lines": [], "summary": {"covered_lines": 0, "num_statements": 1, "percent_covered": 0.0, "percent_covered_display": "0", "missing_lines": 1, "excluded_lines": 0}, "missing_lines": [277], "excluded_lines": []}, "Int.collapse_uniform": {"executed_lines": [305, 306, 309, 310, 312, 313], "summary": {"covered_lines": 6, "num_statements": 8, "percent_covered": 75.0, "percent_covered_display": "75", "missing_lines": 2, "excluded_lines": 0}, "missing_lines": [307, 316], "excluded_lines": []}, "Int.validate": {"executed_lines": [], "summary": {"covered_lines": 0, "num_statements": 8, "percent_covered": 0.0, "percent_covered_display": "0", "missing_lines": 8, "excluded_lines": 0}, "missing_lines": [340, 341, 342, 343, 347, 348, 352, 356], "excluded_lines": []}, "Int.acceptable_types": {"executed_lines": [], "summary": {"covered_lines": 0, "num_statements": 1, "percent_covered": 0.0, "percent_covered_display": "0", "missing_lines": 1, "excluded_lines": 0}, "missing_lines": [365], "excluded_lines": []}, "Float.convert_to_argument": {"executed_lines": [394], "summary": {"covered_lines": 1, "num_statements": 1, "percent_covered": 100.0, "percent_covered_display": "100", "missing_lines": 0, "excluded_lines": 0}, "missing_lines": [], "excluded_lines": []}, "Float.collapse_uniform": {"executed_lines": [421, 422, 428, 429, 430, 431, 445], "summary": {"covered_lines": 7, "num_statements": 8, "percent_covered": 87.5, "percent_covered_display": "88", "missing_lines": 1, "excluded_lines": 0}, "missing_lines": [448], "excluded_lines": []}, "Float.validate": {"executed_lines": [472, 473, 474, 475, 479, 480, 484], "summary": {"covered_lines": 7, "num_statements": 8, "percent_covered": 87.5, "percent_covered_display": "88", "missing_lines": 1, "excluded_lines": 0}, "missing_lines": [488], "excluded_lines": []}, "Float.acceptable_types": {"executed_lines": [498], "summary": {"covered_lines": 1, "num_statements": 1, "percent_covered": 100.0, "percent_covered_display": "100", "missing_lines": 0, "excluded_lines": 0}, "missing_lines": [], "excluded_lines": []}, "Text.convert_to_argument": {"executed_lines": [536], "summary": {"covered_lines": 1, "num_statements": 1, "percent_covered": 100.0, "percent_covered_display": "100", "missing_lines": 0, "excluded_lines": 0}, "missing_lines": [], "excluded_lines": []}, "Text.collapse_uniform": {"executed_lines": [], "summary": {"covered_lines": 0, "num_statements": 3, "percent_covered": 0.0, "percent_covered_display": "0", "missing_lines": 3, "excluded_lines": 0}, "missing_lines": [560, 561, 564], "excluded_lines": []}, "Text.validate": {"executed_lines": [], "summary": {"covered_lines": 0, "num_statements": 4, "percent_covered": 0.0, "percent_covered_display": "0", "missing_lines": 4, "excluded_lines": 0}, "missing_lines": [587, 588, 589, 593], "excluded_lines": []}, "Text.acceptable_types": {"executed_lines": [], "summary": {"covered_lines": 0, "num_statements": 1, "percent_covered": 0.0, "percent_covered_display": "0", "missing_lines": 1, "excluded_lines": 0}, "missing_lines": [602], "excluded_lines": []}, "Variant.children": {"executed_lines": [623], "summary": {"covered_lines": 1, "num_statements": 1, "percent_covered": 100.0, "percent_covered_display": "100", "missing_lines": 0, "excluded_lines": 0}, "missing_lines": [], "excluded_lines": []}, "Variant.convert_to_argument": {"executed_lines": [], "summary": {"covered_lines": 0, "num_statements": 2, "percent_covered": 0.0, "percent_covered_display": "0", "missing_lines": 2, "excluded_lines": 0}, "missing_lines": [641, 642], "excluded_lines": []}, "Variant.collapse_uniform": {"executed_lines": [668], "summary": {"covered_lines": 1, "num_statements": 1, "percent_covered": 100.0, "percent_covered_display": "100", "missing_lines": 0, "excluded_lines": 0}, "missing_lines": [], "excluded_lines": []}, "Variant.only_supports_spec_structure": {"executed_lines": [678], "summary": {"covered_lines": 1, "num_statements": 1, "percent_covered": 100.0, "percent_covered_display": "100", "missing_lines": 0, "excluded_lines": 0}, "missing_lines": [], "excluded_lines": []}, "Variant.has_child_dimensions": {"executed_lines": [684], "summary": {"covered_lines": 1, "num_statements": 1, "percent_covered": 100.0, "percent_covered_display": "100", "missing_lines": 0, "excluded_lines": 0}, "missing_lines": [], "excluded_lines": []}, "Variant.count_children_dimensions": {"executed_lines": [690], "summary": {"covered_lines": 1, "num_statements": 1, "percent_covered": 100.0, "percent_covered_display": "100", "missing_lines": 0, "excluded_lines": 0}, "missing_lines": [], "excluded_lines": []}, "Variant.validate": {"executed_lines": [], "summary": {"covered_lines": 0, "num_statements": 6, "percent_covered": 0.0, "percent_covered_display": "0", "missing_lines": 6, "excluded_lines": 0}, "missing_lines": [714, 715, 716, 717, 718, 719], "excluded_lines": []}, "Variant.acceptable_types": {"executed_lines": [], "summary": {"covered_lines": 0, "num_statements": 4, "percent_covered": 0.0, "percent_covered_display": "0", "missing_lines": 4, "excluded_lines": 0}, "missing_lines": [734, 735, 736, 737], "excluded_lines": []}, "Composite.convert_to_argument": {"executed_lines": [777, 778], "summary": {"covered_lines": 2, "num_statements": 2, "percent_covered": 100.0, "percent_covered_display": "100", "missing_lines": 0, "excluded_lines": 0}, "missing_lines": [], "excluded_lines": []}, "Composite.collapse_uniform": {"executed_lines": [799], "summary": {"covered_lines": 1, "num_statements": 1, "percent_covered": 100.0, "percent_covered_display": "100", "missing_lines": 0, "excluded_lines": 0}, "missing_lines": [], "excluded_lines": []}, "Composite.only_supports_spec_structure": {"executed_lines": [811], "summary": {"covered_lines": 1, "num_statements": 1, "percent_covered": 100.0, "percent_covered_display": "100", "missing_lines": 0, "excluded_lines": 0}, "missing_lines": [], "excluded_lines": []}, "Composite.has_child_dimensions": {"executed_lines": [817], "summary": {"covered_lines": 1, "num_statements": 1, "percent_covered": 100.0, "percent_covered_display": "100", "missing_lines": 0, "excluded_lines": 0}, "missing_lines": [], "excluded_lines": []}, "Composite.count_children_dimensions": {"executed_lines": [823], "summary": {"covered_lines": 1, "num_statements": 1, "percent_covered": 100.0, "percent_covered_display": "100", "missing_lines": 0, "excluded_lines": 0}, "missing_lines": [], "excluded_lines": []}, "Composite.validate": {"executed_lines": [], "summary": {"covered_lines": 0, "num_statements": 9, "percent_covered": 0.0, "percent_covered_display": "0", "missing_lines": 9, "excluded_lines": 0}, "missing_lines": [848, 849, 850, 851, 852, 853, 854, 856, 857], "excluded_lines": []}, "Composite.acceptable_types": {"executed_lines": [], "summary": {"covered_lines": 0, "num_statements": 1, "percent_covered": 0.0, "percent_covered_display": "0", "missing_lines": 1, "excluded_lines": 0}, "missing_lines": [863], "excluded_lines": []}, "": {"executed_lines": [1, 3, 15, 17, 20, 23, 66, 101, 102, 103, 107, 108, 109, 110, 111, 112, 113, 114, 116, 133, 139, 145, 163, 182, 198, 212, 252, 253, 254, 258, 259, 260, 262, 279, 320, 361, 368, 369, 370, 374, 375, 376, 378, 396, 452, 493, 501, 502, 503, 507, 508, 511, 512, 513, 517, 518, 520, 538, 568, 598, 605, 606, 607, 611, 613, 614, 625, 644, 674, 680, 686, 701, 721, 740, 741, 742, 746, 747, 748, 751, 752, 753, 757, 758, 759, 761, 780, 807, 813, 819, 834, 859], "summary": {"covered_lines": 83, "num_statements": 83, "percent_covered": 100.0, "percent_covered_display": "100", "missing_lines": 0, "excluded_lines": 0}, "missing_lines": [], "excluded_lines": []}}, "classes": {"Dimension": {"executed_lines": [126, 128, 129, 130, 137, 180, 230, 246], "summary": {"covered_lines": 8, "num_statements": 22, "percent_covered": 36.36363636363637, "percent_covered_display": "36", "missing_lines": 14, "excluded_lines": 0}, "missing_lines": [127, 131, 143, 159, 194, 208, 231, 232, 234, 235, 238, 239, 244, 247], "excluded_lines": []}, "Int": {"executed_lines": [305, 306, 309, 310, 312, 313], "summary": {"covered_lines": 6, "num_statements": 18, "percent_covered": 33.333333333333336, "percent_covered_display": "33", "missing_lines": 12, "excluded_lines": 0}, "missing_lines": [277, 307, 316, 340, 341, 342, 343, 347, 348, 352, 356, 365], "excluded_lines": []}, "Float": {"executed_lines": [394, 421, 422, 428, 429, 430, 431, 445, 472, 473, 474, 475, 479, 480, 484, 498], "summary": {"covered_lines": 16, "num_statements": 18, "percent_covered": 88.88888888888889, "percent_covered_display": "89", "missing_lines": 2, "excluded_lines": 0}, "missing_lines": [448, 488], "excluded_lines": []}, "CategoryValue": {"executed_lines": [], "summary": {"covered_lines": 0, "num_statements": 0, "percent_covered": 100.0, "percent_covered_display": "100", "missing_lines": 0, "excluded_lines": 0}, "missing_lines": [], "excluded_lines": []}, "Text": {"executed_lines": [536], "summary": {"covered_lines": 1, "num_statements": 9, "percent_covered": 11.11111111111111, "percent_covered_display": "11", "missing_lines": 8, "excluded_lines": 0}, "missing_lines": [560, 561, 564, 587, 588, 589, 593, 602], "excluded_lines": []}, "Variant": {"executed_lines": [623, 668, 678, 684, 690], "summary": {"covered_lines": 5, "num_statements": 17, "percent_covered": 29.41176470588235, "percent_covered_display": "29", "missing_lines": 12, "excluded_lines": 0}, "missing_lines": [641, 642, 714, 715, 716, 717, 718, 719, 734, 735, 736, 737], "excluded_lines": []}, "Listing": {"executed_lines": [], "summary": {"covered_lines": 0, "num_statements": 0, "percent_covered": 100.0, "percent_covered_display": "100", "missing_lines": 0, "excluded_lines": 0}, "missing_lines": [], "excluded_lines": []}, "Composite": {"executed_lines": [777, 778, 799, 811, 817, 823], "summary": {"covered_lines": 6, "num_statements": 16, "percent_covered": 37.5, "percent_covered_display": "38", "missing_lines": 10, "excluded_lines": 0}, "missing_lines": [848, 849, 850, 851, 852, 853, 854, 856, 857, 863], "excluded_lines": []}, "": {"executed_lines": [1, 3, 15, 17, 20, 23, 42, 43, 45, 46, 60, 66, 83, 85, 86, 87, 88, 95, 97, 98, 101, 102, 103, 107, 108, 109, 110, 111, 112, 113, 114, 116, 133, 139, 145, 163, 182, 198, 212, 252, 253, 254, 258, 259, 260, 262, 279, 320, 361, 368, 369, 370, 374, 375, 376, 378, 396, 452, 493, 501, 502, 503, 507, 508, 511, 512, 513, 517, 518, 520, 538, 568, 598, 605, 606, 607, 611, 613, 614, 625, 644, 674, 680, 686, 701, 721, 740, 741, 742, 746, 747, 748, 751, 752, 753, 757, 758, 759, 761, 780, 807, 813, 819, 834, 859], "summary": {"covered_lines": 96, "num_statements": 99, "percent_covered": 96.96969696969697, "percent_covered_display": "97", "missing_lines": 3, "excluded_lines": 0}, "missing_lines": [89, 90, 93], "excluded_lines": []}}}, "raxpy\\spaces\\planes.py": {"executed_lines": [], "summary": {"covered_lines": 0, "num_statements": 0, "percent_covered": 100.0, "percent_covered_display": "100", "missing_lines": 0, "excluded_lines": 0}, "missing_lines": [], "excluded_lines": [], "functions": {"": {"executed_lines": [], "summary": {"covered_lines": 0, "num_statements": 0, "percent_covered": 100.0, "percent_covered_display": "100", "missing_lines": 0, "excluded_lines": 0}, "missing_lines": [], "excluded_lines": []}}, "classes": {"": {"executed_lines": [], "summary": {"covered_lines": 0, "num_statements": 0, "percent_covered": 100.0, "percent_covered_display": "100", "missing_lines": 0, "excluded_lines": 0}, "missing_lines": [], "excluded_lines": []}}}, "raxpy\\spaces\\root.py": {"executed_lines": [1, 3, 4, 5, 6, 8, 11, 26, 29, 31, 33, 35, 38, 53, 54, 55, 57, 58, 59, 60, 61, 62, 63, 67, 70, 71, 73, 75, 84, 86, 89, 90, 91, 92, 94, 96, 97, 98, 100, 103, 104, 105, 107, 108, 111, 112, 113, 114, 117, 119, 120, 122, 123, 125, 127, 130, 147, 149, 151, 152, 154, 155, 157, 158, 160, 162, 164, 167, 183, 185, 187, 188, 189, 190, 191, 192, 194, 197, 217, 218, 220, 235, 236, 237, 239, 242, 243, 244, 248, 249, 251, 254, 274, 275, 276, 281, 283, 284, 298, 300, 314, 316, 317, 319, 321, 336, 338, 349, 350, 352, 353, 354, 355, 356, 357, 358, 359, 360, 361, 363, 365, 370, 384, 404, 406, 407, 411, 413, 415, 445, 446, 447, 449, 450, 451, 452, 455, 456, 457, 458, 459, 460, 461, 462, 463, 466, 467, 469, 470, 472, 473, 474, 475, 477, 478, 481, 482, 483, 487, 490, 491, 492, 496], "summary": {"covered_lines": 158, "num_statements": 173, "percent_covered": 91.32947976878613, "percent_covered_display": "91", "missing_lines": 15, "excluded_lines": 0}, "missing_lines": [76, 77, 78, 79, 82, 221, 222, 224, 225, 226, 228, 229, 232, 233, 271], "excluded_lines": [], "functions": {"_generate_combinations": {"executed_lines": [26, 29, 31, 33, 35], "summary": {"covered_lines": 5, "num_statements": 5, "percent_covered": 100.0, "percent_covered_display": "100", "missing_lines": 0, "excluded_lines": 0}, "missing_lines": [], "excluded_lines": []}, "derive_subspaces": {"executed_lines": [53, 54, 55, 57, 58, 59, 60, 61, 62, 63, 67, 70, 71, 73, 75, 84, 86, 89, 90, 91, 92, 94, 96, 97, 98, 100, 103, 104, 105, 107, 108, 111, 112, 113, 114, 117, 119, 120, 122, 123, 125, 127], "summary": {"covered_lines": 42, "num_statements": 47, "percent_covered": 89.36170212765957, "percent_covered_display": "89", "missing_lines": 5, "excluded_lines": 0}, "missing_lines": [76, 77, 78, 79, 82], "excluded_lines": []}, "create_level_iterable": {"executed_lines": [147, 149, 151, 152, 154, 155, 157, 158, 160, 162, 164], "summary": {"covered_lines": 11, "num_statements": 11, "percent_covered": 100.0, "percent_covered_display": "100", "missing_lines": 0, "excluded_lines": 0}, "missing_lines": [], "excluded_lines": []}, "create_all_iterable": {"executed_lines": [183, 185, 187, 188, 189, 190, 191, 192, 194], "summary": {"covered_lines": 9, "num_statements": 9, "percent_covered": 100.0, "percent_covered_display": "100", "missing_lines": 0, "excluded_lines": 0}, "missing_lines": [], "excluded_lines": []}, "_create_dict_from_flat_values": {"executed_lines": [217, 218, 220, 235, 236, 237, 239], "summary": {"covered_lines": 7, "num_statements": 16, "percent_covered": 43.75, "percent_covered_display": "44", "missing_lines": 9, "excluded_lines": 0}, "missing_lines": [221, 222, 224, 225, 226, 228, 229, 232, 233], "excluded_lines": []}, "_project_null": {"executed_lines": [], "summary": {"covered_lines": 0, "num_statements": 1, "percent_covered": 0.0, "percent_covered_display": "0", "missing_lines": 1, "excluded_lines": 0}, "missing_lines": [271], "excluded_lines": []}, "Space.children": {"executed_lines": [298], "summary": {"covered_lines": 1, "num_statements": 1, "percent_covered": 100.0, "percent_covered_display": "100", "missing_lines": 0, "excluded_lines": 0}, "missing_lines": [], "excluded_lines": []}, "Space.create_dim_map": {"executed_lines": [314, 316, 317, 319], "summary": {"covered_lines": 4, "num_statements": 4, "percent_covered": 100.0, "percent_covered_display": "100", "missing_lines": 0, "excluded_lines": 0}, "missing_lines": [], "excluded_lines": []}, "Space.derive_full_subspaces": {"executed_lines": [336], "summary": {"covered_lines": 1, "num_statements": 1, "percent_covered": 100.0, "percent_covered_display": "100", "missing_lines": 0, "excluded_lines": 0}, "missing_lines": [], "excluded_lines": []}, "Space.derive_spanning_subspaces": {"executed_lines": [349, 350, 352, 353, 354, 355, 356, 357, 358, 359, 360, 361, 363], "summary": {"covered_lines": 13, "num_statements": 13, "percent_covered": 100.0, "percent_covered_display": "100", "missing_lines": 0, "excluded_lines": 0}, "missing_lines": [], "excluded_lines": []}, "Space.count_dimensions": {"executed_lines": [370], "summary": {"covered_lines": 1, "num_statements": 1, "percent_covered": 100.0, "percent_covered_display": "100", "missing_lines": 0, "excluded_lines": 0}, "missing_lines": [], "excluded_lines": []}, "Space.convert_flat_values_to_dict": {"executed_lines": [404, 406, 407, 411, 413], "summary": {"covered_lines": 5, "num_statements": 5, "percent_covered": 100.0, "percent_covered_display": "100", "missing_lines": 0, "excluded_lines": 0}, "missing_lines": [], "excluded_lines": []}, "Space.decode_zero_one_matrix": {"executed_lines": [445, 446, 447, 449, 450, 451, 452, 455, 456, 457, 458, 459, 460, 461, 462, 463, 466, 467, 469, 470, 472, 473, 474, 475, 477, 478], "summary": {"covered_lines": 26, "num_statements": 26, "percent_covered": 100.0, "percent_covered_display": "100", "missing_lines": 0, "excluded_lines": 0}, "missing_lines": [], "excluded_lines": []}, "": {"executed_lines": [1, 3, 4, 5, 6, 8, 11, 38, 130, 167, 197, 242, 243, 244, 248, 249, 251, 254, 274, 275, 276, 281, 283, 284, 300, 321, 338, 365, 384, 415, 481, 482, 483, 487, 490, 491, 492, 496], "summary": {"covered_lines": 33, "num_statements": 33, "percent_covered": 100.0, "percent_covered_display": "100", "missing_lines": 0, "excluded_lines": 0}, "missing_lines": [], "excluded_lines": []}}, "classes": {"SubSpace": {"executed_lines": [], "summary": {"covered_lines": 0, "num_statements": 0, "percent_covered": 100.0, "percent_covered_display": "100", "missing_lines": 0, "excluded_lines": 0}, "missing_lines": [], "excluded_lines": []}, "Space": {"executed_lines": [298, 314, 316, 317, 319, 336, 349, 350, 352, 353, 354, 355, 356, 357, 358, 359, 360, 361, 363, 370, 404, 406, 407, 411, 413, 445, 446, 447, 449, 450, 451, 452, 455, 456, 457, 458, 459, 460, 461, 462, 463, 466, 467, 469, 470, 472, 473, 474, 475, 477, 478], "summary": {"covered_lines": 51, "num_statements": 51, "percent_covered": 100.0, "percent_covered_display": "100", "missing_lines": 0, "excluded_lines": 0}, "missing_lines": [], "excluded_lines": []}, "InputSpace": {"executed_lines": [], "summary": {"covered_lines": 0, "num_statements": 0, "percent_covered": 100.0, "percent_covered_display": "100", "missing_lines": 0, "excluded_lines": 0}, "missing_lines": [], "excluded_lines": []}, "OutputSpace": {"executed_lines": [], "summary": {"covered_lines": 0, "num_statements": 0, "percent_covered": 100.0, "percent_covered_display": "100", "missing_lines": 0, "excluded_lines": 0}, "missing_lines": [], "excluded_lines": []}, "": {"executed_lines": [1, 3, 4, 5, 6, 8, 11, 26, 29, 31, 33, 35, 38, 53, 54, 55, 57, 58, 59, 60, 61, 62, 63, 67, 70, 71, 73, 75, 84, 86, 89, 90, 91, 92, 94, 96, 97, 98, 100, 103, 104, 105, 107, 108, 111, 112, 113, 114, 117, 119, 120, 122, 123, 125, 127, 130, 147, 149, 151, 152, 154, 155, 157, 158, 160, 162, 164, 167, 183, 185, 187, 188, 189, 190, 191, 192, 194, 197, 217, 218, 220, 235, 236, 237, 239, 242, 243, 244, 248, 249, 251, 254, 274, 275, 276, 281, 283, 284, 300, 321, 338, 365, 384, 415, 481, 482, 483, 487, 490, 491, 492, 496], "summary": {"covered_lines": 107, "num_statements": 122, "percent_covered": 87.70491803278688, "percent_covered_display": "88", "missing_lines": 15, "excluded_lines": 0}, "missing_lines": [76, 77, 78, 79, 82, 221, 222, 224, 225, 226, 228, 229, 232, 233, 271], "excluded_lines": []}}}, "raxpy\\spaces\\simple_constraints.py": {"executed_lines": [], "summary": {"covered_lines": 0, "num_statements": 7, "percent_covered": 0.0, "percent_covered_display": "0", "missing_lines": 7, "excluded_lines": 0}, "missing_lines": [3, 6, 9, 15, 16, 19, 24], "excluded_lines": [], "functions": {"": {"executed_lines": [], "summary": {"covered_lines": 0, "num_statements": 7, "percent_covered": 0.0, "percent_covered_display": "0", "missing_lines": 7, "excluded_lines": 0}, "missing_lines": [3, 6, 9, 15, 16, 19, 24], "excluded_lines": []}}, "classes": {"RangeConstraint": {"executed_lines": [], "summary": {"covered_lines": 0, "num_statements": 0, "percent_covered": 100.0, "percent_covered_display": "100", "missing_lines": 0, "excluded_lines": 0}, "missing_lines": [], "excluded_lines": []}, "ValueSetConstraint": {"executed_lines": [], "summary": {"covered_lines": 0, "num_statements": 0, "percent_covered": 100.0, "percent_covered_display": "100", "missing_lines": 0, "excluded_lines": 0}, "missing_lines": [], "excluded_lines": []}, "": {"executed_lines": [], "summary": {"covered_lines": 0, "num_statements": 7, "percent_covered": 0.0, "percent_covered_display": "0", "missing_lines": 7, "excluded_lines": 0}, "missing_lines": [3, 6, 9, 15, 16, 19, 24], "excluded_lines": []}}}}, "totals": {"covered_lines": 882, "num_statements": 1037, "percent_covered": 85.05303760848602, "percent_covered_display": "85", "missing_lines": 155, "excluded_lines": 0}}